SF:lib/src/cdk_app.dart
DA:33,1
DA:39,1
DA:40,1
DA:45,2
DA:47,1
DA:49,1
DA:50,2
DA:51,1
DA:54,1
DA:56,2
DA:57,2
DA:58,1
DA:61,0
DA:63,0
DA:64,0
DA:65,0
DA:68,0
DA:70,0
DA:71,0
DA:72,0
DA:76,1
DA:78,1
DA:79,1
DA:80,1
DA:81,1
DA:82,2
DA:83,2
DA:89,1
DA:90,1
DA:91,1
DA:93,2
DA:94,4
DA:95,1
DA:96,1
DA:98,3
DA:99,1
DA:101,1
DA:102,1
DA:105,1
DA:106,1
DA:111,2
LF:41
LH:33
end_of_record
SF:lib/src/cdk_app_sidebars.dart
DA:14,0
DA:15,0
DA:17,0
DA:18,0
DA:21,0
DA:22,0
DA:25,0
DA:29,0
DA:30,0
DA:33,0
DA:34,0
DA:35,0
DA:38,0
DA:42,0
DA:43,0
DA:45,0
DA:46,0
DA:49,0
DA:66,0
DA:80,0
DA:81,0
DA:93,0
DA:94,0
DA:95,0
DA:96,0
DA:100,0
DA:101,0
DA:102,0
DA:103,0
DA:107,0
DA:108,0
DA:109,0
DA:110,0
DA:111,0
DA:112,0
DA:113,0
DA:114,0
DA:117,0
DA:118,0
DA:119,0
DA:120,0
DA:121,0
DA:125,0
DA:126,0
DA:127,0
DA:128,0
DA:129,0
DA:130,0
DA:131,0
DA:134,0
DA:135,0
DA:136,0
DA:137,0
DA:139,0
DA:140,0
DA:141,0
DA:142,0
DA:144,0
DA:145,0
DA:147,0
DA:149,0
DA:150,0
DA:154,0
DA:155,0
DA:156,0
DA:157,0
DA:160,0
DA:168,0
DA:170,0
DA:171,0
DA:172,0
DA:173,0
DA:174,0
DA:175,0
DA:178,0
DA:180,0
DA:181,0
DA:182,0
DA:183,0
DA:184,0
DA:188,0
DA:190,0
DA:191,0
DA:194,0
DA:195,0
DA:196,0
DA:197,0
DA:201,0
DA:202,0
DA:203,0
DA:204,0
DA:208,0
DA:210,0
DA:212,0
DA:213,0
DA:216,0
DA:217,0
DA:220,0
DA:222,0
DA:223,0
DA:225,0
DA:228,0
DA:229,0
DA:230,0
DA:231,0
DA:233,0
DA:237,0
DA:238,0
DA:239,0
DA:240,0
DA:241,0
DA:242,0
DA:245,0
DA:246,0
DA:250,0
DA:252,0
DA:256,0
DA:257,0
DA:258,0
DA:259,0
DA:260,0
DA:261,0
DA:264,0
DA:265,0
DA:266,0
DA:267,0
DA:271,0
DA:272,0
DA:274,0
DA:275,0
DA:276,0
DA:277,0
DA:280,0
DA:281,0
DA:282,0
DA:283,0
DA:284,0
DA:285,0
DA:292,0
LF:139
LH:0
end_of_record
SF:lib/src/cdk_button.dart
DA:22,0
DA:31,0
DA:32,0
DA:48,0
DA:50,0
DA:51,0
DA:52,0
DA:56,0
DA:58,0
DA:59,0
DA:60,0
DA:61,0
DA:63,0
DA:64,0
DA:65,0
DA:66,0
DA:67,0
DA:70,0
DA:77,0
DA:80,0
DA:85,0
DA:87,0
DA:88,0
DA:90,0
DA:91,0
DA:93,0
DA:96,0
DA:97,0
DA:99,0
DA:101,0
DA:102,0
DA:103,0
DA:108,0
DA:110,0
DA:111,0
DA:112,0
DA:113,0
DA:115,0
DA:117,0
DA:118,0
DA:119,0
DA:120,0
DA:125,0
DA:126,0
DA:127,0
DA:130,0
DA:131,0
DA:132,0
DA:135,0
DA:136,0
DA:138,0
DA:139,0
DA:141,0
DA:143,0
DA:144,0
DA:151,0
DA:158,0
DA:159,0
DA:160,0
DA:162,0
DA:163,0
DA:164,0
DA:166,0
DA:167,0
DA:171,0
DA:172,0
DA:173,0
DA:174,0
DA:175,0
DA:181,0
DA:184,0
DA:185,0
DA:186,0
DA:187,0
DA:191,0
DA:192,0
DA:193,0
DA:194,0
DA:201,0
DA:202,0
DA:203,0
DA:204,0
DA:205,0
DA:209,0
DA:210,0
DA:216,0
DA:217,0
DA:218,0
DA:222,0
DA:223,0
DA:224,0
DA:226,0
DA:227,0
DA:228,0
DA:229,0
DA:233,0
DA:234,0
DA:235,0
DA:237,0
DA:238,0
DA:239,0
DA:240,0
DA:247,0
DA:252,0
DA:253,0
DA:256,0
DA:257,0
DA:258,0
DA:259,0
DA:260,0
DA:265,0
DA:266,0
DA:267,0
DA:268,0
DA:271,0
DA:273,0
DA:274,0
LF:117
LH:0
end_of_record
SF:lib/src/cdk_button_check_box.dart
DA:13,0
DA:20,0
DA:22,0
DA:24,0
DA:26,0
DA:27,0
DA:28,0
DA:30,0
DA:31,0
DA:32,0
DA:33,0
DA:34,0
DA:35,0
DA:36,0
DA:37,0
DA:39,0
DA:56,0
DA:67,0
DA:69,0
DA:70,0
DA:73,0
DA:76,0
DA:80,0
DA:82,0
DA:83,0
DA:84,0
DA:87,0
DA:88,0
DA:89,0
DA:93,0
DA:94,0
DA:95,0
DA:99,0
DA:102,0
DA:105,0
DA:106,0
DA:107,0
DA:108,0
DA:110,0
DA:111,0
DA:113,0
DA:114,0
DA:117,0
DA:120,0
DA:121,0
DA:122,0
DA:124,0
DA:127,0
DA:128,0
DA:129,0
DA:130,0
DA:132,0
DA:137,0
DA:140,0
DA:141,0
DA:142,0
DA:143,0
DA:145,0
DA:147,0
DA:149,0
DA:152,0
DA:153,0
DA:154,0
DA:155,0
DA:158,0
DA:159,0
DA:160,0
DA:163,0
DA:164,0
DA:165,0
DA:169,0
DA:171,0
DA:172,0
DA:173,0
DA:174,0
DA:175,0
DA:176,0
LF:77
LH:0
end_of_record
SF:lib/src/cdk_button_color.dart
DA:12,0
DA:19,0
DA:20,0
DA:28,0
DA:30,0
DA:31,0
DA:32,0
DA:35,0
DA:38,0
DA:39,0
DA:41,0
DA:44,0
DA:46,0
DA:53,0
DA:54,0
DA:61,0
DA:62,0
DA:63,0
DA:64,0
DA:66,0
DA:67,0
DA:69,0
DA:70,0
DA:72,0
DA:73,0
DA:74,0
DA:75,0
DA:76,0
DA:77,0
DA:80,0
DA:81,0
DA:82,0
DA:84,0
DA:85,0
DA:86,0
DA:87,0
DA:88,0
DA:89,0
DA:90,0
DA:91,0
DA:93,0
DA:95,0
DA:102,0
DA:103,0
DA:104,0
DA:105,0
DA:108,0
DA:109,0
DA:111,0
DA:113,0
DA:116,0
LF:51
LH:0
end_of_record
SF:lib/src/cdk_button_disclosure.dart
DA:13,0
DA:20,0
DA:21,0
DA:30,0
DA:32,0
DA:35,0
DA:37,0
DA:42,0
DA:43,0
DA:46,0
DA:47,0
DA:51,0
DA:53,0
DA:54,0
DA:57,0
DA:59,0
DA:60,0
DA:61,0
DA:65,0
DA:67,0
DA:69,0
DA:70,0
DA:71,0
DA:72,0
DA:73,0
DA:74,0
DA:75,0
DA:76,0
DA:77,0
DA:79,0
LF:30
LH:0
end_of_record
SF:lib/src/cdk_button_help.dart
DA:13,0
DA:19,0
DA:20,0
DA:28,0
DA:29,0
DA:33,0
DA:34,0
DA:38,0
DA:39,0
DA:42,0
DA:44,0
DA:47,0
DA:48,0
DA:49,0
DA:50,0
DA:51,0
DA:52,0
DA:53,0
DA:54,0
DA:55,0
DA:58,0
DA:60,0
DA:61,0
DA:62,0
DA:68,0
DA:69,0
DA:70,0
DA:72,0
DA:73,0
DA:74,0
DA:76,0
DA:78,0
DA:79,0
DA:80,0
LF:34
LH:0
end_of_record
SF:lib/src/cdk_button_icon.dart
DA:17,0
DA:27,0
DA:28,0
DA:42,0
DA:44,0
DA:45,0
DA:46,0
DA:50,0
DA:51,0
DA:52,0
DA:56,0
DA:57,0
DA:58,0
DA:62,0
DA:63,0
DA:64,0
DA:68,0
DA:70,0
DA:72,0
DA:73,0
DA:75,0
DA:77,0
DA:78,0
DA:80,0
DA:82,0
DA:84,0
DA:85,0
DA:88,0
DA:89,0
DA:90,0
DA:91,0
DA:92,0
DA:94,0
DA:96,0
DA:97,0
DA:98,0
DA:99,0
DA:100,0
DA:103,0
DA:104,0
DA:107,0
DA:108,0
DA:109,0
DA:110,0
DA:111,0
DA:112,0
DA:113,0
DA:115,0
DA:116,0
DA:121,0
DA:123,0
DA:124,0
DA:125,0
DA:126,0
DA:127,0
DA:129,0
DA:131,0
DA:132,0
DA:133,0
DA:134,0
DA:139,0
DA:140,0
DA:141,0
DA:144,0
DA:145,0
DA:146,0
DA:149,0
DA:150,0
DA:151,0
DA:152,0
DA:153,0
LF:71
LH:0
end_of_record
SF:lib/src/cdk_button_radio.dart
DA:14,0
DA:22,0
DA:24,0
DA:26,0
DA:27,0
DA:28,0
DA:30,0
DA:33,0
DA:34,0
DA:35,0
DA:36,0
DA:37,0
DA:38,0
DA:39,0
DA:40,0
DA:41,0
DA:42,0
DA:43,0
DA:47,0
DA:48,0
DA:50,0
DA:51,0
DA:52,0
DA:53,0
DA:56,0
DA:73,0
DA:83,0
DA:85,0
DA:86,0
DA:89,0
DA:92,0
DA:94,0
DA:96,0
DA:97,0
DA:98,0
DA:101,0
DA:102,0
DA:103,0
DA:107,0
DA:110,0
DA:113,0
DA:115,0
DA:116,0
DA:117,0
DA:118,0
DA:120,0
DA:121,0
DA:124,0
DA:127,0
DA:128,0
DA:129,0
DA:130,0
DA:132,0
DA:135,0
DA:136,0
DA:137,0
DA:138,0
DA:140,0
DA:144,0
DA:147,0
DA:148,0
DA:149,0
DA:150,0
DA:152,0
DA:154,0
DA:156,0
DA:159,0
DA:160,0
DA:161,0
DA:163,0
DA:164,0
DA:168,0
DA:170,0
DA:171,0
DA:172,0
DA:173,0
DA:174,0
DA:175,0
DA:176,0
LF:79
LH:0
end_of_record
SF:lib/src/cdk_button_select.dart
DA:18,0
DA:27,0
DA:28,0
DA:38,0
DA:40,0
DA:42,0
DA:45,0
DA:46,0
DA:47,0
DA:49,0
DA:50,0
DA:51,0
DA:52,0
DA:53,0
DA:54,0
DA:61,0
DA:63,0
DA:64,0
DA:67,0
DA:69,0
DA:73,0
DA:74,0
DA:81,0
DA:82,0
DA:83,0
DA:84,0
DA:85,0
DA:86,0
DA:91,0
DA:93,0
DA:96,0
DA:97,0
DA:98,0
DA:99,0
DA:102,0
DA:103,0
DA:104,0
DA:107,0
DA:108,0
DA:109,0
DA:110,0
DA:111,0
DA:113,0
DA:115,0
DA:118,0
DA:119,0
DA:121,0
DA:124,0
DA:125,0
DA:126,0
DA:127,0
DA:128,0
DA:130,0
DA:132,0
DA:133,0
DA:135,0
DA:137,0
DA:139,0
DA:141,0
DA:142,0
DA:143,0
DA:145,0
DA:146,0
LF:63
LH:0
end_of_record
SF:lib/src/cdk_button_sidebar.dart
DA:15,0
DA:24,0
DA:26,0
DA:28,0
DA:31,0
DA:33,0
DA:34,0
DA:35,0
DA:37,0
DA:39,0
DA:42,0
DA:43,0
DA:46,0
DA:47,0
DA:48,0
DA:51,0
DA:52,0
DA:53,0
DA:54,0
DA:56,0
LF:20
LH:0
end_of_record
SF:lib/src/cdk_button_switch.dart
DA:16,2
DA:30,2
DA:32,1
DA:33,1
DA:34,3
DA:38,1
DA:40,1
DA:41,1
DA:43,3
DA:44,1
DA:45,3
DA:46,3
DA:47,3
DA:48,3
DA:50,1
DA:51,3
DA:52,0
DA:54,1
DA:56,1
DA:57,1
DA:58,1
DA:59,1
DA:60,2
DA:61,1
DA:62,1
DA:64,1
DA:66,1
DA:67,1
DA:68,0
DA:69,0
DA:74,1
DA:76,2
DA:77,1
DA:79,0
DA:80,0
DA:81,0
DA:83,1
DA:87,1
DA:88,1
DA:89,1
DA:92,2
DA:94,1
DA:95,1
DA:96,1
DA:100,1
DA:101,1
DA:102,1
DA:106,1
DA:107,1
DA:108,1
LF:50
LH:44
end_of_record
SF:lib/src/cdk_buttons_up_down.dart
DA:14,1
DA:22,1
DA:23,1
DA:30,1
DA:32,2
DA:42,1
DA:43,1
DA:44,0
DA:45,0
DA:48,1
DA:49,1
DA:50,0
DA:51,0
DA:54,2
DA:55,1
DA:58,0
DA:62,2
DA:63,1
DA:66,0
DA:71,1
DA:77,1
DA:81,1
DA:85,1
DA:91,1
DA:95,1
DA:98,1
DA:100,1
DA:101,1
DA:102,2
DA:104,0
DA:105,2
DA:107,0
DA:108,2
DA:110,0
DA:111,4
DA:112,1
DA:113,1
DA:115,1
DA:117,1
DA:121,1
DA:122,2
DA:124,0
DA:125,2
DA:127,0
DA:128,2
DA:130,0
DA:131,4
DA:132,1
DA:133,1
DA:135,1
DA:138,1
LF:51
LH:39
end_of_record
SF:lib/src/cdk_dialog_draggable.dart
DA:19,0
DA:28,0
DA:29,0
DA:48,0
DA:50,0
DA:51,0
DA:52,0
DA:53,0
DA:58,0
DA:59,0
DA:64,0
DA:65,0
DA:69,0
DA:71,0
DA:75,0
DA:76,0
DA:78,0
DA:79,0
DA:80,0
DA:82,0
DA:84,0
DA:86,0
DA:87,0
DA:88,0
DA:89,0
DA:90,0
DA:92,0
DA:94,0
DA:95,0
DA:97,0
DA:98,0
DA:101,0
DA:102,0
DA:105,0
DA:106,0
DA:107,0
DA:108,0
DA:109,0
DA:111,0
DA:114,0
DA:115,0
DA:121,0
DA:123,0
DA:124,0
DA:127,0
DA:128,0
DA:131,0
DA:132,0
DA:133,0
DA:137,0
DA:138,0
DA:145,0
DA:146,0
DA:147,0
DA:148,0
DA:153,0
DA:155,0
DA:157,0
DA:158,0
DA:159,0
DA:160,0
DA:161,0
DA:164,0
DA:165,0
DA:168,0
DA:169,0
DA:172,0
DA:173,0
DA:176,0
DA:179,0
DA:180,0
DA:181,0
DA:182,0
DA:183,0
DA:185,0
DA:186,0
DA:187,0
DA:188,0
DA:190,0
DA:193,0
DA:194,0
DA:195,0
DA:196,0
DA:197,0
DA:198,0
DA:199,0
DA:201,0
DA:202,0
DA:204,0
DA:207,0
DA:209,0
DA:210,0
DA:211,0
DA:212,0
DA:213,0
DA:222,0
DA:223,0
DA:224,0
DA:225,0
DA:226,0
DA:227,0
DA:228,0
DA:229,0
DA:230,0
DA:231,0
DA:232,0
DA:233,0
DA:235,0
DA:236,0
DA:237,0
DA:240,0
DA:241,0
DA:242,0
DA:243,0
LF:114
LH:0
end_of_record
SF:lib/src/cdk_dialog_modal.dart
DA:17,1
DA:25,1
DA:26,1
DA:43,1
DA:45,1
DA:47,2
DA:48,0
DA:49,0
DA:54,0
DA:55,0
DA:60,3
DA:61,3
DA:63,3
DA:64,1
DA:66,2
DA:67,2
DA:68,2
DA:69,1
DA:71,3
DA:74,3
DA:75,3
DA:77,2
DA:78,0
DA:81,2
DA:82,0
DA:85,5
DA:86,5
DA:87,2
DA:89,3
DA:90,1
DA:91,1
DA:92,3
DA:93,2
DA:95,1
DA:98,2
DA:99,0
DA:105,1
DA:107,1
DA:108,1
DA:111,0
DA:112,0
DA:115,1
DA:117,2
DA:119,2
DA:120,1
DA:121,0
DA:122,0
DA:123,0
DA:125,1
DA:126,1
DA:127,1
DA:128,1
DA:130,2
DA:133,1
DA:134,1
DA:135,1
DA:136,1
DA:137,1
DA:138,1
DA:139,1
DA:141,1
DA:142,1
DA:144,1
DA:147,2
DA:149,0
DA:150,0
DA:151,0
DA:152,0
DA:153,0
DA:162,1
DA:163,5
DA:164,1
DA:165,1
DA:166,1
DA:167,3
DA:168,3
DA:169,2
DA:170,2
DA:171,1
DA:172,2
DA:173,0
DA:174,0
LF:82
LH:63
end_of_record
SF:lib/src/cdk_dialog_popover.dart
DA:22,1
DA:32,1
DA:33,1
DA:52,1
DA:54,1
DA:56,2
DA:57,0
DA:58,0
DA:63,0
DA:64,0
DA:69,3
DA:70,3
DA:74,1
DA:76,1
DA:80,1
DA:81,2
DA:82,1
DA:83,1
DA:85,3
DA:86,1
DA:88,2
DA:89,2
DA:91,4
DA:93,5
DA:94,5
DA:95,2
DA:96,0
DA:99,2
DA:100,0
DA:103,1
DA:104,3
DA:106,3
DA:108,7
DA:110,7
DA:113,7
DA:114,0
DA:116,2
DA:117,1
DA:120,7
DA:121,0
DA:124,2
DA:125,1
DA:128,2
DA:130,3
DA:131,1
DA:132,1
DA:133,3
DA:134,2
DA:136,1
DA:139,2
DA:140,0
DA:146,1
DA:148,1
DA:149,1
DA:152,1
DA:153,3
DA:156,1
DA:157,3
DA:158,1
DA:162,1
DA:163,2
DA:170,1
DA:171,3
DA:172,1
DA:173,1
DA:178,1
DA:180,2
DA:182,2
DA:183,1
DA:184,0
DA:185,0
DA:186,0
DA:188,1
DA:189,1
DA:190,1
DA:191,1
DA:193,2
DA:196,1
DA:197,1
DA:198,1
DA:199,1
DA:200,1
DA:201,1
DA:202,1
DA:204,1
DA:205,1
DA:207,1
DA:210,2
DA:212,0
DA:213,0
DA:214,0
DA:215,0
DA:216,0
DA:225,1
DA:226,5
DA:227,1
DA:228,3
DA:229,3
DA:230,2
DA:231,2
DA:232,1
DA:233,2
DA:234,0
DA:235,0
LF:104
LH:85
end_of_record
SF:lib/src/cdk_dialog_popover_arrowed.dart
DA:18,1
DA:27,1
DA:29,1
DA:48,1
DA:50,1
DA:52,2
DA:53,0
DA:54,0
DA:59,0
DA:60,0
DA:65,3
DA:66,3
DA:70,1
DA:72,0
DA:76,1
DA:77,2
DA:78,1
DA:80,1
DA:82,3
DA:83,1
DA:85,2
DA:86,1
DA:87,2
DA:89,4
DA:91,5
DA:92,5
DA:93,2
DA:94,0
DA:97,2
DA:98,0
DA:102,7
DA:103,4
DA:107,7
DA:108,0
DA:109,0
DA:112,2
DA:113,1
DA:114,1
DA:115,1
DA:118,7
DA:119,0
DA:123,2
DA:124,0
DA:128,0
DA:131,2
DA:132,2
DA:133,2
DA:134,2
DA:136,2
DA:137,2
DA:138,2
DA:141,1
DA:144,2
DA:145,0
DA:151,1
DA:153,1
DA:154,1
DA:157,0
DA:158,0
DA:161,1
DA:162,3
DA:163,1
DA:167,1
DA:168,2
DA:175,0
DA:176,0
DA:177,0
DA:178,0
DA:183,1
DA:185,2
DA:187,2
DA:188,1
DA:189,0
DA:190,0
DA:191,0
DA:193,1
DA:194,1
DA:195,1
DA:196,1
DA:198,2
DA:201,1
DA:202,1
DA:203,1
DA:204,1
DA:205,1
DA:206,1
DA:207,1
DA:209,1
DA:210,1
DA:212,1
DA:215,2
DA:217,0
DA:218,0
DA:219,0
DA:220,0
DA:221,0
DA:230,1
DA:231,5
DA:232,1
DA:233,3
DA:234,3
DA:235,2
DA:236,2
DA:237,1
DA:238,2
DA:239,0
DA:240,0
LF:107
LH:78
end_of_record
SF:lib/src/cdk_dialogs_manager.dart
DA:21,0
DA:23,1
DA:24,2
DA:27,1
DA:28,1
DA:29,1
DA:30,1
DA:31,1
DA:32,1
DA:36,1
DA:37,3
DA:40,1
DA:41,1
DA:42,1
DA:43,1
DA:44,1
DA:50,1
DA:66,2
DA:67,1
DA:68,3
DA:69,2
DA:70,1
DA:71,0
DA:72,0
DA:75,1
DA:88,2
DA:90,1
DA:94,1
DA:103,2
DA:115,1
DA:126,1
DA:135,2
DA:145,0
DA:157,0
DA:159,0
DA:163,0
DA:172,0
DA:183,0
DA:184,0
DA:188,0
DA:191,0
DA:192,0
DA:196,0
DA:199,1
DA:211,2
DA:213,0
DA:217,1
DA:226,2
DA:237,1
DA:250,1
DA:251,6
DA:252,1
DA:253,2
DA:254,4
DA:258,1
DA:263,3
DA:264,2
DA:270,1
DA:276,1
DA:277,1
DA:280,1
DA:281,1
DA:282,1
DA:283,1
DA:286,1
DA:287,2
DA:293,2
DA:294,3
DA:298,1
DA:306,1
DA:307,1
DA:308,1
DA:311,1
DA:312,2
DA:313,1
DA:314,2
DA:318,2
DA:319,2
DA:321,2
DA:322,2
DA:325,1
DA:326,5
DA:329,1
DA:330,3
DA:331,3
DA:337,2
DA:338,2
DA:339,3
DA:343,0
DA:344,0
DA:348,1
DA:349,2
DA:350,2
DA:356,2
DA:357,2
DA:358,3
DA:359,2
DA:364,0
DA:365,0
DA:366,0
DA:370,1
DA:375,3
DA:376,2
DA:377,1
DA:384,1
DA:402,1
DA:403,1
DA:415,1
DA:417,1
DA:418,3
DA:419,1
DA:422,2
DA:426,1
DA:428,2
DA:429,1
DA:432,1
DA:433,7
DA:434,3
DA:439,1
DA:440,5
DA:444,2
DA:445,3
DA:449,1
DA:452,2
DA:453,1
DA:455,2
DA:460,1
DA:461,1
DA:462,1
DA:464,1
DA:465,1
DA:466,1
DA:468,1
DA:469,1
DA:470,1
DA:471,1
DA:474,1
DA:476,1
DA:477,1
DA:478,1
DA:479,2
LF:141
LH:121
end_of_record
SF:lib/src/cdk_field_360.dart
DA:13,0
DA:21,0
DA:22,0
DA:28,0
DA:30,0
DA:31,0
DA:34,0
DA:35,0
DA:38,0
DA:39,0
DA:40,0
DA:41,0
DA:42,0
DA:46,0
DA:48,0
DA:50,0
DA:52,0
DA:53,0
DA:54,0
DA:56,0
DA:57,0
DA:58,0
DA:61,0
DA:63,0
DA:65,0
DA:68,0
DA:70,0
LF:27
LH:0
end_of_record
SF:lib/src/cdk_field_color_hex.dart
DA:14,0
DA:23,0
DA:24,0
DA:31,0
DA:33,0
DA:34,0
DA:35,0
DA:36,0
DA:39,0
DA:41,0
DA:42,0
DA:43,0
DA:46,0
DA:48,0
DA:51,0
DA:54,0
DA:55,0
DA:59,0
DA:60,0
DA:63,0
DA:66,0
DA:67,0
DA:68,0
DA:69,0
DA:71,0
DA:74,0
DA:75,0
DA:76,0
DA:77,0
DA:79,0
DA:80,0
DA:81,0
DA:84,0
DA:85,0
DA:89,0
DA:90,0
DA:91,0
DA:92,0
DA:95,0
DA:96,0
DA:99,0
DA:102,0
DA:104,0
DA:106,0
DA:107,0
DA:108,0
DA:111,0
DA:112,0
DA:113,0
DA:114,0
DA:116,0
DA:121,0
DA:123,0
LF:53
LH:0
end_of_record
SF:lib/src/cdk_field_numeric.dart
DA:22,1
DA:36,1
DA:37,1
DA:41,1
DA:45,1
DA:57,1
DA:59,1
DA:60,5
DA:61,3
DA:64,1
DA:66,3
DA:67,2
DA:68,1
DA:71,1
DA:73,3
DA:74,1
DA:76,1
DA:77,3
DA:78,3
DA:81,1
DA:82,3
DA:83,3
DA:84,0
DA:89,1
DA:90,1
DA:93,3
DA:94,0
DA:96,3
DA:97,0
DA:102,3
DA:103,3
DA:104,4
DA:107,2
DA:108,3
DA:109,1
DA:113,1
DA:115,0
DA:119,1
DA:120,2
DA:123,1
DA:124,3
DA:125,6
DA:126,2
DA:129,1
DA:130,3
DA:131,6
DA:132,2
DA:135,1
DA:137,2
DA:138,6
DA:139,0
DA:142,4
DA:143,3
DA:144,3
DA:147,5
DA:148,5
DA:150,1
DA:151,1
DA:152,1
DA:153,1
DA:154,1
DA:155,2
DA:156,2
DA:158,1
DA:162,3
DA:163,0
DA:165,3
DA:166,0
DA:167,1
DA:168,2
DA:169,2
DA:170,1
DA:171,1
DA:176,3
DA:180,1
DA:181,1
DA:182,1
DA:184,1
DA:185,1
DA:186,1
DA:187,1
DA:188,2
DA:189,1
DA:194,1
DA:195,1
DA:196,2
DA:197,1
LF:87
LH:80
end_of_record
SF:lib/src/cdk_field_numeric_slider.dart
DA:19,0
DA:33,0
DA:34,0
DA:40,0
DA:42,0
DA:43,0
DA:46,0
DA:48,0
DA:50,0
DA:51,0
DA:54,0
DA:55,0
DA:57,0
DA:58,0
DA:62,0
DA:63,0
DA:64,0
DA:68,0
DA:70,0
DA:71,0
DA:72,0
DA:74,0
DA:75,0
DA:76,0
DA:78,0
DA:79,0
DA:80,0
DA:81,0
DA:85,0
DA:87,0
DA:88,0
DA:89,0
DA:90,0
DA:91,0
DA:92,0
DA:93,0
DA:94,0
DA:95,0
DA:96,0
DA:97,0
DA:99,0
DA:100,0
LF:42
LH:0
end_of_record
SF:lib/src/cdk_field_text.dart
DA:26,1
DA:45,1
DA:46,1
DA:53,1
DA:55,1
DA:56,1
DA:59,0
DA:61,0
DA:62,0
DA:63,0
DA:64,0
DA:68,1
DA:70,1
DA:71,1
DA:74,1
DA:75,3
DA:76,4
DA:77,3
DA:80,1
DA:81,3
DA:82,1
DA:83,2
DA:87,1
DA:88,2
DA:89,5
DA:93,1
DA:95,2
DA:97,2
DA:98,0
DA:99,1
DA:101,1
DA:102,1
DA:103,1
DA:104,2
DA:105,2
DA:106,2
DA:107,1
DA:108,2
DA:109,2
DA:111,1
DA:112,1
DA:114,1
DA:115,2
DA:117,0
DA:122,2
DA:123,1
DA:124,1
DA:125,1
DA:126,1
DA:133,1
DA:134,2
DA:135,1
DA:136,2
DA:137,2
DA:138,1
DA:139,0
DA:142,2
DA:144,0
DA:145,2
DA:146,2
DA:147,2
LF:61
LH:52
end_of_record
SF:lib/src/cdk_picker_360.dart
DA:15,0
DA:22,0
DA:23,0
DA:27,0
DA:28,0
DA:29,0
DA:30,0
DA:32,0
DA:33,0
DA:34,0
DA:37,0
DA:40,0
DA:42,0
DA:44,0
DA:45,0
DA:46,0
DA:47,0
DA:48,0
DA:49,0
DA:50,0
DA:51,0
DA:52,0
DA:64,0
DA:67,0
DA:69,0
DA:70,0
DA:71,0
DA:74,0
DA:75,0
DA:76,0
DA:77,0
DA:78,0
DA:79,0
DA:82,0
DA:83,0
DA:84,0
DA:85,0
DA:87,0
DA:88,0
DA:89,0
DA:90,0
DA:91,0
DA:94,0
DA:95,0
DA:96,0
DA:97,0
DA:98,0
DA:99,0
DA:100,0
DA:102,0
DA:105,0
DA:107,0
DA:108,0
DA:109,0
DA:110,0
LF:55
LH:0
end_of_record
SF:lib/src/cdk_picker_buttons_bar.dart
DA:19,0
DA:27,0
DA:28,0
DA:35,0
DA:37,0
DA:38,0
DA:39,0
DA:44,0
DA:46,0
DA:50,0
DA:51,0
DA:52,0
DA:53,0
DA:55,0
DA:56,0
DA:60,0
DA:61,0
DA:64,0
DA:65,0
DA:66,0
DA:69,0
DA:72,0
DA:74,0
DA:75,0
DA:76,0
DA:77,0
DA:80,0
DA:81,0
DA:82,0
DA:90,0
DA:92,0
DA:94,0
DA:97,0
DA:98,0
DA:99,0
DA:100,0
DA:102,0
DA:103,0
DA:104,0
DA:105,0
DA:109,0
DA:110,0
DA:111,0
DA:112,0
DA:114,0
DA:116,0
DA:117,0
DA:120,0
DA:121,0
DA:122,0
DA:123,0
DA:124,0
DA:128,0
DA:134,0
DA:136,0
DA:138,0
DA:139,0
DA:140,0
DA:141,0
DA:147,0
LF:60
LH:0
end_of_record
SF:lib/src/cdk_picker_buttons_segmented.dart
DA:16,0
DA:24,0
DA:26,0
DA:42,0
DA:44,0
DA:45,0
DA:46,0
DA:47,0
DA:50,0
DA:52,0
DA:53,0
DA:55,0
DA:56,0
DA:57,0
DA:60,0
DA:63,0
DA:64,0
DA:65,0
DA:66,0
DA:71,0
DA:72,0
DA:76,0
DA:77,0
DA:78,0
DA:79,0
DA:82,0
DA:83,0
DA:87,0
DA:88,0
DA:89,0
DA:90,0
DA:91,0
DA:96,0
DA:97,0
DA:98,0
DA:102,0
DA:103,0
DA:104,0
DA:105,0
DA:106,0
DA:109,0
DA:110,0
DA:111,0
DA:116,0
DA:117,0
DA:118,0
DA:119,0
DA:122,0
DA:126,0
DA:127,0
DA:128,0
DA:129,0
DA:130,0
DA:134,0
DA:135,0
DA:139,0
DA:140,0
DA:141,0
DA:144,0
DA:145,0
DA:147,0
DA:150,0
DA:153,0
DA:154,0
DA:155,0
DA:158,0
DA:159,0
DA:161,0
DA:162,0
DA:163,0
DA:164,0
DA:167,0
DA:168,0
DA:173,0
DA:175,0
DA:176,0
DA:178,0
DA:179,0
DA:182,0
DA:183,0
DA:184,0
DA:186,0
DA:188,0
DA:189,0
DA:190,0
DA:191,0
DA:193,0
DA:194,0
DA:195,0
DA:196,0
DA:197,0
DA:199,0
DA:201,0
DA:202,0
DA:203,0
DA:204,0
DA:205,0
DA:206,0
DA:207,0
DA:209,0
DA:210,0
DA:212,0
DA:213,0
DA:215,0
DA:216,0
DA:217,0
DA:226,0
DA:228,0
DA:229,0
DA:230,0
DA:232,0
DA:234,0
DA:236,0
DA:241,0
DA:243,0
DA:249,0
DA:250,0
DA:251,0
DA:252,0
DA:257,0
DA:258,0
DA:261,0
DA:263,0
DA:266,0
DA:268,0
DA:269,0
DA:270,0
DA:271,0
DA:272,0
DA:273,0
LF:130
LH:0
end_of_record
SF:lib/src/cdk_picker_check_list.dart
DA:17,1
DA:26,1
DA:27,1
DA:39,1
DA:41,1
DA:42,3
DA:43,6
DA:44,0
DA:49,1
DA:51,1
DA:52,1
DA:54,1
DA:56,2
DA:57,1
DA:58,1
DA:59,1
DA:60,1
DA:62,1
DA:63,1
DA:65,5
DA:66,3
DA:67,2
DA:68,2
DA:70,1
DA:71,0
DA:72,1
DA:74,1
DA:76,1
DA:77,1
DA:78,0
DA:80,1
DA:82,1
DA:83,1
DA:84,3
DA:87,1
DA:89,2
DA:91,0
DA:92,1
DA:95,1
DA:96,3
DA:97,1
DA:98,2
DA:104,1
DA:105,0
DA:106,0
DA:107,1
DA:111,3
DA:113,0
DA:115,1
DA:121,1
DA:122,1
DA:123,0
DA:124,0
DA:129,1
DA:132,4
LF:55
LH:46
end_of_record
SF:lib/src/cdk_picker_color.dart
DA:11,0
DA:17,0
DA:18,0
DA:27,0
DA:28,0
DA:29,0
DA:30,0
DA:31,0
DA:32,0
DA:34,0
DA:37,0
DA:39,0
DA:40,0
DA:41,0
DA:42,0
DA:43,0
DA:45,0
DA:47,0
DA:50,0
DA:51,0
DA:52,0
DA:53,0
DA:54,0
DA:57,0
DA:58,0
DA:60,0
DA:61,0
DA:67,0
DA:68,0
DA:69,0
DA:72,0
DA:74,0
DA:75,0
DA:81,0
DA:82,0
DA:83,0
DA:86,0
DA:88,0
DA:89,0
DA:95,0
DA:96,0
DA:97,0
DA:102,0
DA:103,0
DA:105,0
DA:106,0
DA:112,0
DA:113,0
DA:114,0
DA:117,0
DA:119,0
DA:120,0
DA:121,0
DA:122,0
DA:123,0
DA:124,0
DA:125,0
DA:126,0
DA:127,0
DA:130,0
DA:131,0
DA:132,0
DA:135,0
DA:136,0
DA:140,0
DA:142,0
DA:143,0
DA:144,0
DA:145,0
DA:146,0
DA:147,0
DA:148,0
DA:150,0
DA:152,0
LF:74
LH:0
end_of_record
SF:lib/src/cdk_picker_color_hsv.dart
DA:14,0
DA:20,0
DA:21,0
DA:56,0
DA:58,0
DA:59,0
DA:62,0
DA:64,0
DA:65,0
DA:66,0
DA:68,0
DA:71,0
DA:72,0
DA:73,0
DA:74,0
DA:75,0
DA:76,0
DA:79,0
DA:80,0
DA:81,0
DA:82,0
DA:83,0
DA:84,0
DA:85,0
DA:86,0
DA:87,0
DA:90,0
DA:92,0
DA:93,0
DA:95,0
DA:97,0
DA:100,0
DA:101,0
DA:104,0
DA:105,0
DA:106,0
DA:108,0
DA:109,0
DA:110,0
DA:111,0
DA:112,0
DA:117,0
DA:120,0
DA:121,0
DA:122,0
DA:123,0
DA:124,0
DA:125,0
DA:126,0
DA:127,0
DA:132,0
DA:135,0
DA:136,0
DA:137,0
DA:139,0
DA:140,0
DA:141,0
DA:146,0
DA:147,0
DA:148,0
DA:149,0
DA:150,0
DA:151,0
DA:152,0
DA:153,0
DA:154,0
LF:66
LH:0
end_of_record
SF:lib/src/cdk_picker_slider.dart
DA:16,0
DA:25,0
DA:26,0
DA:46,0
DA:48,0
DA:49,0
DA:50,0
DA:55,0
DA:56,0
DA:57,0
DA:59,0
DA:60,0
DA:62,0
DA:64,0
DA:67,0
DA:71,0
DA:74,0
DA:75,0
DA:78,0
DA:79,0
DA:82,0
DA:83,0
DA:86,0
DA:87,0
DA:90,0
DA:92,0
DA:93,0
DA:94,0
DA:96,0
DA:99,0
DA:100,0
DA:101,0
DA:102,0
DA:103,0
DA:108,0
DA:109,0
DA:110,0
DA:111,0
DA:112,0
DA:113,0
DA:114,0
DA:116,0
DA:117,0
DA:118,0
DA:125,0
DA:127,0
DA:128,0
DA:129,0
DA:130,0
DA:131,0
DA:132,0
DA:133,0
DA:134,0
DA:135,0
DA:137,0
DA:152,0
DA:159,0
DA:161,0
DA:162,0
DA:163,0
DA:165,0
DA:166,0
DA:167,0
DA:172,0
DA:175,0
DA:178,0
DA:179,0
DA:184,0
DA:186,0
DA:190,0
DA:195,0
DA:196,0
DA:199,0
DA:200,0
DA:201,0
DA:202,0
DA:203,0
DA:204,0
DA:205,0
DA:206,0
DA:207,0
DA:208,0
DA:211,0
DA:212,0
DA:213,0
DA:214,0
DA:216,0
DA:217,0
DA:218,0
DA:219,0
DA:220,0
DA:223,0
DA:225,0
DA:226,0
DA:227,0
DA:228,0
DA:229,0
LF:97
LH:0
end_of_record
SF:lib/src/cdk_picker_slider_chroma.dart
DA:15,0
DA:24,0
DA:25,0
DA:32,0
DA:33,0
DA:34,0
DA:37,0
DA:38,0
DA:39,0
DA:40,0
DA:41,0
DA:43,0
DA:46,0
DA:47,0
DA:48,0
DA:52,0
DA:53,0
DA:56,0
DA:58,0
DA:59,0
DA:60,0
DA:61,0
DA:62,0
DA:63,0
DA:64,0
DA:65,0
DA:66,0
DA:67,0
DA:68,0
DA:70,0
DA:84,0
DA:92,0
DA:95,0
DA:100,0
DA:102,0
DA:103,0
DA:104,0
DA:105,0
DA:108,0
DA:109,0
DA:113,0
DA:115,0
DA:116,0
DA:117,0
DA:118,0
DA:120,0
DA:121,0
DA:122,0
DA:123,0
DA:125,0
DA:126,0
DA:127,0
DA:128,0
DA:129,0
DA:131,0
DA:132,0
DA:133,0
DA:134,0
DA:135,0
DA:138,0
DA:139,0
DA:140,0
DA:143,0
DA:146,0
DA:148,0
DA:149,0
DA:153,0
DA:155,0
DA:156,0
DA:159,0
DA:160,0
DA:161,0
DA:162,0
DA:165,0
DA:167,0
DA:169,0
DA:172,0
DA:174,0
DA:178,0
DA:180,0
DA:181,0
DA:182,0
LF:82
LH:0
end_of_record
SF:lib/src/cdk_picker_slider_gradient.dart
DA:16,0
DA:26,0
DA:28,0
DA:30,0
DA:32,0
DA:33,0
DA:35,0
DA:36,0
DA:39,0
DA:44,0
DA:46,0
DA:47,0
DA:48,0
DA:53,0
DA:54,0
DA:55,0
DA:59,0
DA:61,0
DA:63,0
DA:66,0
DA:70,0
DA:71,0
DA:72,0
DA:75,0
DA:76,0
DA:79,0
DA:80,0
DA:83,0
DA:85,0
DA:87,0
DA:88,0
DA:89,0
DA:90,0
DA:92,0
DA:93,0
DA:94,0
DA:95,0
DA:96,0
DA:97,0
DA:98,0
DA:99,0
DA:100,0
DA:101,0
DA:103,0
DA:118,0
DA:126,0
DA:128,0
DA:131,0
DA:132,0
DA:135,0
DA:136,0
DA:137,0
DA:138,0
DA:139,0
DA:140,0
DA:146,0
DA:147,0
DA:148,0
DA:149,0
DA:150,0
DA:151,0
DA:154,0
DA:155,0
DA:156,0
DA:157,0
DA:158,0
DA:159,0
DA:160,0
DA:161,0
DA:162,0
DA:164,0
DA:165,0
DA:166,0
DA:167,0
DA:168,0
DA:170,0
DA:171,0
DA:172,0
DA:173,0
DA:176,0
DA:177,0
DA:178,0
DA:179,0
DA:180,0
DA:181,0
DA:184,0
DA:185,0
DA:186,0
DA:187,0
DA:190,0
DA:191,0
DA:192,0
DA:193,0
DA:196,0
DA:198,0
DA:199,0
DA:200,0
DA:201,0
DA:202,0
DA:203,0
LF:100
LH:0
end_of_record
SF:lib/src/cdk_picker_theme_colors.dart
DA:12,0
DA:18,0
DA:19,0
DA:23,0
DA:25,0
DA:28,0
DA:29,0
DA:30,0
DA:31,0
DA:32,0
DA:36,0
DA:37,0
DA:39,0
DA:41,0
DA:42,0
DA:43,0
DA:44,0
DA:45,0
DA:47,0
DA:50,0
DA:51,0
DA:54,0
DA:56,0
DA:57,0
DA:58,0
DA:70,0
LF:26
LH:0
end_of_record
SF:lib/src/cdk_progress_bar.dart
DA:14,0
DA:21,0
DA:22,0
DA:33,0
DA:35,0
DA:37,0
DA:38,0
DA:42,0
DA:44,0
DA:47,0
DA:49,0
DA:50,0
DA:51,0
DA:54,0
DA:55,0
DA:58,0
DA:59,0
DA:62,0
DA:63,0
DA:67,0
DA:69,0
DA:70,0
DA:71,0
DA:74,0
DA:76,0
DA:77,0
DA:78,0
DA:79,0
DA:80,0
DA:81,0
DA:83,0
DA:85,0
DA:86,0
DA:88,0
DA:89,0
DA:90,0
DA:91,0
DA:92,0
DA:94,0
DA:96,0
DA:97,0
DA:98,0
DA:99,0
DA:101,0
DA:106,0
DA:107,0
DA:108,0
DA:109,0
DA:110,0
DA:111,0
DA:114,0
DA:117,0
DA:118,0
DA:119,0
DA:120,0
DA:121,0
DA:122,0
DA:125,0
DA:126,0
DA:127,0
DA:128,0
DA:129,0
DA:133,0
DA:135,0
DA:137,0
DA:138,0
DA:139,0
DA:140,0
DA:141,0
DA:142,0
DA:143,0
DA:144,0
DA:145,0
DA:146,0
DA:147,0
DA:148,0
DA:149,0
DA:153,0
DA:166,0
DA:174,0
DA:176,0
DA:177,0
DA:178,0
DA:180,0
DA:181,0
DA:182,0
DA:187,0
DA:190,0
DA:193,0
DA:194,0
DA:200,0
DA:203,0
DA:204,0
DA:205,0
DA:208,0
DA:209,0
DA:211,0
DA:215,0
DA:220,0
DA:221,0
DA:222,0
DA:225,0
DA:229,0
DA:234,0
DA:235,0
DA:239,0
DA:241,0
DA:242,0
DA:243,0
DA:244,0
DA:245,0
DA:246,0
LF:112
LH:0
end_of_record
SF:lib/src/cdk_progress_circular.dart
DA:15,0
DA:22,0
DA:23,0
DA:34,0
DA:36,0
DA:37,0
DA:38,0
DA:42,0
DA:44,0
DA:47,0
DA:49,0
DA:50,0
DA:51,0
DA:54,0
DA:55,0
DA:58,0
DA:59,0
DA:62,0
DA:63,0
DA:67,0
DA:69,0
DA:70,0
DA:71,0
DA:74,0
DA:76,0
DA:77,0
DA:78,0
DA:79,0
DA:80,0
DA:81,0
DA:83,0
DA:85,0
DA:86,0
DA:88,0
DA:89,0
DA:90,0
DA:91,0
DA:92,0
DA:94,0
DA:96,0
DA:97,0
DA:98,0
DA:99,0
DA:101,0
DA:106,0
DA:107,0
DA:108,0
DA:109,0
DA:110,0
DA:111,0
DA:114,0
DA:117,0
DA:118,0
DA:119,0
DA:120,0
DA:121,0
DA:122,0
DA:125,0
DA:126,0
DA:127,0
DA:128,0
DA:129,0
DA:133,0
DA:135,0
DA:137,0
DA:138,0
DA:139,0
DA:140,0
DA:141,0
DA:142,0
DA:143,0
DA:144,0
DA:145,0
DA:146,0
DA:147,0
DA:148,0
DA:149,0
DA:150,0
DA:154,0
DA:167,0
DA:176,0
DA:183,0
DA:190,0
DA:196,0
DA:198,0
DA:201,0
DA:202,0
DA:203,0
DA:204,0
DA:205,0
DA:206,0
DA:207,0
DA:208,0
DA:210,0
DA:215,0
DA:216,0
DA:217,0
DA:218,0
DA:219,0
DA:222,0
DA:223,0
DA:224,0
DA:226,0
DA:227,0
DA:229,0
DA:232,0
DA:233,0
DA:234,0
DA:236,0
DA:237,0
DA:238,0
DA:241,0
DA:244,0
DA:247,0
DA:249,0
DA:250,0
DA:252,0
DA:253,0
DA:254,0
DA:255,0
DA:261,0
DA:262,0
DA:263,0
DA:268,0
DA:269,0
DA:270,0
DA:275,0
DA:278,0
DA:282,0
DA:284,0
DA:285,0
DA:286,0
DA:287,0
DA:288,0
DA:289,0
DA:290,0
LF:136
LH:0
end_of_record
SF:lib/src/cdk_theme.dart
DA:33,2
DA:63,0
DA:79,0
DA:80,0
DA:81,0
DA:82,0
DA:83,0
DA:84,0
DA:85,0
DA:86,0
DA:87,0
DA:88,0
DA:89,0
DA:90,0
DA:91,0
DA:92,0
DA:96,0
DA:99,0
DA:103,0
DA:104,0
DA:106,0
DA:107,0
DA:109,0
DA:110,0
DA:112,0
DA:113,0
DA:114,0
DA:116,0
DA:117,0
DA:118,0
DA:119,0
DA:120,0
DA:121,0
DA:122,0
DA:123,0
DA:124,0
DA:132,1
DA:144,0
DA:151,0
DA:152,0
DA:153,0
DA:154,0
DA:155,0
DA:159,0
DA:163,0
DA:166,0
DA:167,0
DA:168,0
DA:169,0
DA:170,0
DA:178,1
DA:190,0
DA:197,0
DA:198,0
DA:199,0
DA:200,0
DA:201,0
DA:205,0
DA:209,0
DA:212,0
DA:213,0
DA:214,0
DA:215,0
DA:216,0
DA:224,1
DA:236,0
DA:243,0
DA:244,0
DA:245,0
DA:246,0
DA:247,0
DA:251,0
DA:255,0
DA:258,0
DA:259,0
DA:260,0
DA:262,0
DA:263,0
DA:265,0
DA:266,0
DA:268,0
DA:276,2
DA:288,0
DA:295,0
DA:296,0
DA:297,0
DA:298,0
DA:299,0
DA:303,0
DA:307,0
DA:310,0
DA:381,2
DA:382,1
DA:383,1
DA:384,1
DA:385,1
DA:386,1
DA:387,1
DA:388,1
DA:389,1
DA:390,1
DA:391,1
DA:392,1
DA:393,1
DA:394,1
DA:397,2
DA:398,1
DA:399,1
DA:400,1
DA:401,1
DA:404,1
DA:406,1
DA:407,1
DA:410,2
DA:411,1
DA:415,2
DA:416,1
DA:417,2
DA:420,2
DA:423,1
DA:424,1
DA:425,1
DA:427,0
DA:428,0
DA:432,0
DA:433,0
DA:434,0
DA:437,1
DA:440,1
DA:441,1
DA:443,2
DA:444,1
DA:445,0
DA:447,1
DA:452,1
DA:454,3
DA:455,1
DA:460,1
DA:465,2
DA:468,1
DA:469,1
DA:470,1
DA:471,1
DA:472,1
DA:473,1
DA:474,1
DA:475,1
DA:477,0
DA:478,0
DA:479,0
DA:480,0
DA:481,0
DA:482,0
DA:483,0
DA:487,0
DA:491,1
DA:492,1
DA:493,1
DA:496,0
DA:497,0
DA:500,2
DA:501,1
DA:504,1
DA:505,1
DA:506,1
DA:507,2
DA:508,2
DA:509,2
DA:510,2
DA:511,1
DA:512,2
DA:513,2
DA:516,1
DA:518,1
DA:519,1
DA:520,1
DA:521,1
DA:522,3
DA:523,3
DA:525,1
DA:528,0
DA:529,0
DA:531,0
DA:536,0
DA:537,0
DA:540,0
DA:541,0
DA:543,0
DA:545,0
DA:550,0
DA:552,0
LF:191
LH:78
end_of_record
SF:lib/src/cdk_theme_notifier.dart
DA:10,1
DA:14,1
DA:16,2
DA:18,1
DA:20,2
DA:24,3
DA:42,1
DA:44,2
DA:48,3
DA:57,0
DA:58,0
DA:62,0
DA:63,0
DA:67,0
DA:68,0
DA:72,1
DA:73,1
LF:17
LH:11
end_of_record
SF:lib/src/cdk_util_disclosure.dart
DA:12,0
DA:19,0
DA:20,0
DA:30,0
DA:32,0
DA:34,0
DA:35,0
DA:38,0
DA:39,0
DA:42,0
DA:44,0
DA:45,0
DA:48,0
DA:49,0
DA:50,0
DA:51,0
DA:53,0
DA:54,0
DA:56,0
DA:59,0
DA:61,0
DA:63,0
DA:64,0
DA:65,0
DA:66,0
DA:67,0
DA:68,0
DA:70,0
DA:73,0
DA:74,0
DA:76,0
DA:77,0
DA:79,0
LF:33
LH:0
end_of_record
SF:lib/src/cdk_util_shader_grid.dart
DA:12,3
DA:13,3
DA:17,0
DA:19,1
DA:24,2
DA:25,1
DA:26,1
DA:27,1
DA:28,2
DA:29,2
DA:30,2
DA:31,1
DA:32,2
DA:33,2
DA:34,2
DA:36,2
DA:38,2
DA:39,3
DA:44,2
DA:69,0
DA:71,0
DA:72,0
DA:74,0
DA:76,0
DA:77,0
DA:81,0
DA:83,0
DA:84,0
DA:85,0
DA:89,0
DA:90,0
DA:91,0
DA:94,0
DA:96,0
LF:34
LH:18
end_of_record
SF:lib/src/cdk_widget_state.dart
DA:3,0
DA:12,0
DA:15,0
DA:18,0
DA:21,0
DA:24,0
LF:6
LH:0
end_of_record
SF:lib/src/cdk_dialog_outer_shadow_painter.dart
DA:12,1
DA:17,1
DA:20,2
DA:23,1
DA:24,2
DA:25,1
DA:27,2
DA:30,1
DA:31,1
DA:32,2
DA:33,1
DA:35,2
DA:38,1
DA:39,1
DA:41,1
DA:42,4
DA:45,1
DA:46,1
DA:50,2
DA:51,1
DA:52,1
DA:53,1
DA:55,2
DA:56,1
DA:59,1
DA:61,3
DA:62,3
DA:63,3
DA:66,1
DA:68,1
DA:70,5
DA:72,5
DA:73,6
DA:76,5
DA:77,6
DA:79,5
DA:80,6
DA:82,5
DA:83,6
DA:86,1
DA:91,1
DA:94,1
DA:96,5
DA:100,6
DA:101,4
DA:102,4
DA:103,3
DA:104,3
DA:105,3
DA:108,5
DA:109,6
DA:112,5
DA:113,6
DA:119,0
DA:120,0
DA:121,0
DA:122,0
DA:124,0
DA:125,0
DA:128,5
DA:129,6
DA:131,5
DA:132,6
DA:135,1
LF:64
LH:58
end_of_record
SF:lib/src/cdk_dialog_popover_clipper.dart
DA:9,0
DA:11,0
DA:13,0
DA:16,0
LF:4
LH:0
end_of_record
